/Users/sankha/projects/absynthe/autopandas/benchmarks.py:370: FutureWarning: Using the level keyword in DataFrame and Series aggregations is deprecated and will be removed in a future version. Use groupby instead. df.sum(level=1) should use df.groupby(level=1).sum().
  self.output = self.inputs[0].div(self.inputs[0].sum(1, level=0), 1, 0).xs('yes', 1, 1)
SO_34365578_depth2
bundler: failed to load command: bin/autopandas (bin/autopandas)
/Users/sankha/projects/absynthe/lib/absynthe/domain.rb:91:in `leq_impl': Unknown abstract value variant val (AbsyntheError)
	from /Users/sankha/projects/absynthe/lib/absynthe/domain.rb:8:in `<='
	from /Users/sankha/projects/absynthe/lib/absynthe/python/domains/product.rb:69:in `block in <='
	from /Users/sankha/projects/absynthe/lib/absynthe/python/domains/product.rb:64:in `each'
	from /Users/sankha/projects/absynthe/lib/absynthe/python/domains/product.rb:64:in `all?'
	from /Users/sankha/projects/absynthe/lib/absynthe/python/domains/product.rb:64:in `<='
	from /Users/sankha/projects/absynthe/lib/absynthe/passes/py_expand_hole.rb:57:in `block in on_hole'
	from /Users/sankha/projects/absynthe/lib/absynthe/passes/py_expand_hole.rb:56:in `each'
	from /Users/sankha/projects/absynthe/lib/absynthe/passes/py_expand_hole.rb:56:in `on_hole'
	from /Users/sankha/.rbenv/versions/3.0.2/lib/ruby/gems/3.0.0/gems/ast-2.4.2/lib/ast/processor/mixin.rb:259:in `process'
	from /Users/sankha/projects/absynthe/lib/absynthe/synthesizer.rb:14:in `synthesize'
	from bin/autopandas:196:in `block in syn_start'
	from /Users/sankha/.rbenv/versions/3.0.2/lib/ruby/3.0.0/timeout.rb:97:in `block in timeout'
	from /Users/sankha/.rbenv/versions/3.0.2/lib/ruby/3.0.0/timeout.rb:35:in `block in catch'
	from /Users/sankha/.rbenv/versions/3.0.2/lib/ruby/3.0.0/timeout.rb:35:in `catch'
	from /Users/sankha/.rbenv/versions/3.0.2/lib/ruby/3.0.0/timeout.rb:35:in `catch'
	from /Users/sankha/.rbenv/versions/3.0.2/lib/ruby/3.0.0/timeout.rb:112:in `timeout'
	from bin/autopandas:195:in `syn_start'
	from bin/autopandas:207:in `handle_action'
	from bin/autopandas:216:in `<top (required)>'
	from /Users/sankha/.rbenv/versions/3.0.2/lib/ruby/gems/3.0.0/gems/bundler-2.3.16/lib/bundler/cli/exec.rb:58:in `load'
	from /Users/sankha/.rbenv/versions/3.0.2/lib/ruby/gems/3.0.0/gems/bundler-2.3.16/lib/bundler/cli/exec.rb:58:in `kernel_load'
	from /Users/sankha/.rbenv/versions/3.0.2/lib/ruby/gems/3.0.0/gems/bundler-2.3.16/lib/bundler/cli/exec.rb:23:in `run'
	from /Users/sankha/.rbenv/versions/3.0.2/lib/ruby/gems/3.0.0/gems/bundler-2.3.16/lib/bundler/cli.rb:479:in `exec'
	from /Users/sankha/.rbenv/versions/3.0.2/lib/ruby/gems/3.0.0/gems/bundler-2.3.16/lib/bundler/vendor/thor/lib/thor/command.rb:27:in `run'
	from /Users/sankha/.rbenv/versions/3.0.2/lib/ruby/gems/3.0.0/gems/bundler-2.3.16/lib/bundler/vendor/thor/lib/thor/invocation.rb:127:in `invoke_command'
	from /Users/sankha/.rbenv/versions/3.0.2/lib/ruby/gems/3.0.0/gems/bundler-2.3.16/lib/bundler/vendor/thor/lib/thor.rb:392:in `dispatch'
	from /Users/sankha/.rbenv/versions/3.0.2/lib/ruby/gems/3.0.0/gems/bundler-2.3.16/lib/bundler/cli.rb:31:in `dispatch'
	from /Users/sankha/.rbenv/versions/3.0.2/lib/ruby/gems/3.0.0/gems/bundler-2.3.16/lib/bundler/vendor/thor/lib/thor/base.rb:485:in `start'
	from /Users/sankha/.rbenv/versions/3.0.2/lib/ruby/gems/3.0.0/gems/bundler-2.3.16/lib/bundler/cli.rb:25:in `start'
	from /Users/sankha/.rbenv/versions/3.0.2/lib/ruby/gems/3.0.0/gems/bundler-2.3.16/exe/bundle:48:in `block in <top (required)>'
	from /Users/sankha/.rbenv/versions/3.0.2/lib/ruby/gems/3.0.0/gems/bundler-2.3.16/lib/bundler/friendly_errors.rb:117:in `with_friendly_errors'
	from /Users/sankha/.rbenv/versions/3.0.2/lib/ruby/gems/3.0.0/gems/bundler-2.3.16/exe/bundle:36:in `<top (required)>'
	from /Users/sankha/.rbenv/versions/3.0.2/bin/bundle:23:in `load'
	from /Users/sankha/.rbenv/versions/3.0.2/bin/bundle:23:in `<main>'
ERROR!
(<class 'TypeError'>, TypeError("'NoneType' object is not subscriptable"), <traceback object at 0x11f062540>)
SO_49592930_depth1
ERROR!
(<class 'KeyboardInterrupt'>, KeyboardInterrupt(), <traceback object at 0x11a6a4940>)
<internal:/Users/sankha/.rbenv/versions/3.0.2/lib/ruby/3.0.0/rubygems/core_ext/kernel_require.rb>:85:in `require'SO_49567723_depth2
: Interrupt
	from <internal:/Users/sankha/.rbenv/versions/3.0.2/lib/ruby/3.0.0/rubygems/core_ext/kernel_require.rb>:85:in `require'
	from /Users/sankha/.rbenv/versions/3.0.2/lib/ruby/3.0.0/rubygems/request_set.rb:423:in `resolve_current'
	from /Users/sankha/.rbenv/versions/3.0.2/lib/ruby/3.0.0/rubygems.rb:240:in `finish_resolve'
	from /Users/sankha/.rbenv/versions/3.0.2/lib/ruby/3.0.0/rubygems.rb:303:in `block in activate_bin_path'
	from /Users/sankha/.rbenv/versions/3.0.2/lib/ruby/3.0.0/rubygems.rb:301:in `synchronize'
	from /Users/sankha/.rbenv/versions/3.0.2/lib/ruby/3.0.0/rubygems.rb:301:in `activate_bin_path'
	from /Users/sankha/.rbenv/versions/3.0.2/bin/bundle:23:in `<main>'
bundler: failed to load command: bin/autopandas (bin/autopandas)
/Users/sankha/projects/absynthe/lib/absynthe/domain.rb:91:in `leq_impl': Unknown abstract value variant val (AbsyntheError)
	from /Users/sankha/projects/absynthe/lib/absynthe/domain.rb:8:in `<='
	from /Users/sankha/projects/absynthe/lib/absynthe/python/domains/product.rb:69:in `block in <='
	from /Users/sankha/projects/absynthe/lib/absynthe/python/domains/product.rb:64:in `each'
	from /Users/sankha/projects/absynthe/lib/absynthe/python/domains/product.rb:64:in `all?'
	from /Users/sankha/projects/absynthe/lib/absynthe/python/domains/product.rb:64:in `<='
	from /Users/sankha/projects/absynthe/lib/absynthe/passes/py_expand_hole.rb:57:in `block in on_hole'
	from /Users/sankha/projects/absynthe/lib/absynthe/passes/py_expand_hole.rb:56:in `each'
	from /Users/sankha/projects/absynthe/lib/absynthe/passes/py_expand_hole.rb:56:in `on_hole'
	from /Users/sankha/.rbenv/versions/3.0.2/lib/ruby/gems/3.0.0/gems/ast-2.4.2/lib/ast/processor/mixin.rb:259:in `process'
	from /Users/sankha/projects/absynthe/lib/absynthe/synthesizer.rb:14:in `synthesize'
	from bin/autopandas:196:in `block in syn_start'
	from /Users/sankha/.rbenv/versions/3.0.2/lib/ruby/3.0.0/timeout.rb:97:in `block in timeout'
	from /Users/sankha/.rbenv/versions/3.0.2/lib/ruby/3.0.0/timeout.rb:35:in `block in catch'
	from /Users/sankha/.rbenv/versions/3.0.2/lib/ruby/3.0.0/timeout.rb:35:in `catch'
	from /Users/sankha/.rbenv/versions/3.0.2/lib/ruby/3.0.0/timeout.rb:35:in `catch'
	from /Users/sankha/.rbenv/versions/3.0.2/lib/ruby/3.0.0/timeout.rb:112:in `timeout'
	from bin/autopandas:195:in `syn_start'
	from bin/autopandas:207:in `handle_action'
	from bin/autopandas:216:in `<top (required)>'
	from /Users/sankha/.rbenv/versions/3.0.2/lib/ruby/gems/3.0.0/gems/bundler-2.3.16/lib/bundler/cli/exec.rb:58:in `load'
	from /Users/sankha/.rbenv/versions/3.0.2/lib/ruby/gems/3.0.0/gems/bundler-2.3.16/lib/bundler/cli/exec.rb:58:in `kernel_load'
	from /Users/sankha/.rbenv/versions/3.0.2/lib/ruby/gems/3.0.0/gems/bundler-2.3.16/lib/bundler/cli/exec.rb:23:in `run'
	from /Users/sankha/.rbenv/versions/3.0.2/lib/ruby/gems/3.0.0/gems/bundler-2.3.16/lib/bundler/cli.rb:479:in `exec'
	from /Users/sankha/.rbenv/versions/3.0.2/lib/ruby/gems/3.0.0/gems/bundler-2.3.16/lib/bundler/vendor/thor/lib/thor/command.rb:27:in `run'
	from /Users/sankha/.rbenv/versions/3.0.2/lib/ruby/gems/3.0.0/gems/bundler-2.3.16/lib/bundler/vendor/thor/lib/thor/invocation.rb:127:in `invoke_command'
	from /Users/sankha/.rbenv/versions/3.0.2/lib/ruby/gems/3.0.0/gems/bundler-2.3.16/lib/bundler/vendor/thor/lib/thor.rb:392:in `dispatch'
	from /Users/sankha/.rbenv/versions/3.0.2/lib/ruby/gems/3.0.0/gems/bundler-2.3.16/lib/bundler/cli.rb:31:in `dispatch'
	from /Users/sankha/.rbenv/versions/3.0.2/lib/ruby/gems/3.0.0/gems/bundler-2.3.16/lib/bundler/vendor/thor/lib/thor/base.rb:485:in `start'
	from /Users/sankha/.rbenv/versions/3.0.2/lib/ruby/gems/3.0.0/gems/bundler-2.3.16/lib/bundler/cli.rb:25:in `start'
	from /Users/sankha/.rbenv/versions/3.0.2/lib/ruby/gems/3.0.0/gems/bundler-2.3.16/exe/bundle:48:in `block in <top (required)>'
	from /Users/sankha/.rbenv/versions/3.0.2/lib/ruby/gems/3.0.0/gems/bundler-2.3.16/lib/bundler/friendly_errors.rb:117:in `with_friendly_errors'
	from /Users/sankha/.rbenv/versions/3.0.2/lib/ruby/gems/3.0.0/gems/bundler-2.3.16/exe/bundle:36:in `<top (required)>'
	from /Users/sankha/.rbenv/versions/3.0.2/bin/bundle:23:in `load'
	from /Users/sankha/.rbenv/versions/3.0.2/bin/bundle:23:in `<main>'
ERROR!
(<class 'TypeError'>, TypeError("'NoneType' object is not subscriptable"), <traceback object at 0x11f0151c0>)
SO_13807758_depth2
ERROR!
(<class 'KeyboardInterrupt'>, KeyboardInterrupt(), <traceback object at 0x11f05aac0>)
SO_13659881_depth2
/Users/sankha/.rbenv/versions/3.0.2/lib/ruby/gems/3.0.0/gems/byebug-11.1.3/lib/byebug/commands/thread.rb:5:in `require_relative': Interrupt
	from /Users/sankha/.rbenv/versions/3.0.2/lib/ruby/gems/3.0.0/gems/byebug-11.1.3/lib/byebug/commands/thread.rb:5:in `<top (required)>'
	from /Users/sankha/.rbenv/versions/3.0.2/lib/ruby/gems/3.0.0/gems/byebug-11.1.3/lib/byebug/commands.rb:34:in `require_relative'
	from /Users/sankha/.rbenv/versions/3.0.2/lib/ruby/gems/3.0.0/gems/byebug-11.1.3/lib/byebug/commands.rb:34:in `<top (required)>'
	from /Users/sankha/.rbenv/versions/3.0.2/lib/ruby/gems/3.0.0/gems/byebug-11.1.3/lib/byebug/core.rb:10:in `require_relative'
	from /Users/sankha/.rbenv/versions/3.0.2/lib/ruby/gems/3.0.0/gems/byebug-11.1.3/lib/byebug/core.rb:10:in `<top (required)>'
	from /Users/sankha/.rbenv/versions/3.0.2/lib/ruby/gems/3.0.0/gems/pry-byebug-3.8.0/lib/byebug/processors/pry_processor.rb:3:in `require'
	from /Users/sankha/.rbenv/versions/3.0.2/lib/ruby/gems/3.0.0/gems/pry-byebug-3.8.0/lib/byebug/processors/pry_processor.rb:3:in `<top (required)>'
	from /Users/sankha/.rbenv/versions/3.0.2/lib/ruby/gems/3.0.0/gems/pry-byebug-3.8.0/lib/pry-byebug/pry_ext.rb:3:in `require'
	from /Users/sankha/.rbenv/versions/3.0.2/lib/ruby/gems/3.0.0/gems/pry-byebug-3.8.0/lib/pry-byebug/pry_ext.rb:3:in `<top (required)>'
	from /Users/sankha/.rbenv/versions/3.0.2/lib/ruby/gems/3.0.0/gems/pry-byebug-3.8.0/lib/pry-byebug/cli.rb:4:in `require'
	from /Users/sankha/.rbenv/versions/3.0.2/lib/ruby/gems/3.0.0/gems/pry-byebug-3.8.0/lib/pry-byebug/cli.rb:4:in `<top (required)>'
	from /Users/sankha/.rbenv/versions/3.0.2/lib/ruby/gems/3.0.0/gems/pry-byebug-3.8.0/lib/pry-byebug.rb:4:in `require'
	from /Users/sankha/.rbenv/versions/3.0.2/lib/ruby/gems/3.0.0/gems/pry-byebug-3.8.0/lib/pry-byebug.rb:4:in `<top (required)>'
	from /Users/sankha/projects/absynthe/lib/absynthe/passes/expand_hole.rb:3:in `require'
	from /Users/sankha/projects/absynthe/lib/absynthe/passes/expand_hole.rb:3:in `<top (required)>'
	from /Users/sankha/projects/absynthe/lib/absynthe.rb:14:in `require'
	from /Users/sankha/projects/absynthe/lib/absynthe.rb:14:in `<top (required)>'
	from bin/autopandas:4:in `require'
	from bin/autopandas:4:in `<top (required)>'
	from /Users/sankha/.rbenv/versions/3.0.2/lib/ruby/gems/3.0.0/gems/bundler-2.3.16/lib/bundler/cli/exec.rb:58:in `load'
	from /Users/sankha/.rbenv/versions/3.0.2/lib/ruby/gems/3.0.0/gems/bundler-2.3.16/lib/bundler/cli/exec.rb:58:in `kernel_load'
	from /Users/sankha/.rbenv/versions/3.0.2/lib/ruby/gems/3.0.0/gems/bundler-2.3.16/lib/bundler/cli/exec.rb:23:in `run'
	from /Users/sankha/.rbenv/versions/3.0.2/lib/ruby/gems/3.0.0/gems/bundler-2.3.16/lib/bundler/cli.rb:479:in `exec'
	from /Users/sankha/.rbenv/versions/3.0.2/lib/ruby/gems/3.0.0/gems/bundler-2.3.16/lib/bundler/vendor/thor/lib/thor/command.rb:27:in `run'
	from /Users/sankha/.rbenv/versions/3.0.2/lib/ruby/gems/3.0.0/gems/bundler-2.3.16/lib/bundler/vendor/thor/lib/thor/invocation.rb:127:in `invoke_command'
	from /Users/sankha/.rbenv/versions/3.0.2/lib/ruby/gems/3.0.0/gems/bundler-2.3.16/lib/bundler/vendor/thor/lib/thor.rb:392:in `dispatch'
	from /Users/sankha/.rbenv/versions/3.0.2/lib/ruby/gems/3.0.0/gems/bundler-2.3.16/lib/bundler/cli.rb:31:in `dispatch'
	from /Users/sankha/.rbenv/versions/3.0.2/lib/ruby/gems/3.0.0/gems/bundler-2.3.16/lib/bundler/vendor/thor/lib/thor/base.rb:485:in `start'
	from /Users/sankha/.rbenv/versions/3.0.2/lib/ruby/gems/3.0.0/gems/bundler-2.3.16/lib/bundler/cli.rb:25:in `start'
	from /Users/sankha/.rbenv/versions/3.0.2/lib/ruby/gems/3.0.0/gems/bundler-2.3.16/exe/bundle:48:in `block in <top (required)>'
	from /Users/sankha/.rbenv/versions/3.0.2/lib/ruby/gems/3.0.0/gems/bundler-2.3.16/lib/bundler/friendly_errors.rb:117:in `with_friendly_errors'
	from /Users/sankha/.rbenv/versions/3.0.2/lib/ruby/gems/3.0.0/gems/bundler-2.3.16/exe/bundle:36:in `<top (required)>'
	from /Users/sankha/.rbenv/versions/3.0.2/bin/bundle:23:in `load'
	from /Users/sankha/.rbenv/versions/3.0.2/bin/bundle:23:in `<main>'
ERROR!
bundler: failed to load command: bin/autopandas (bin/autopandas)
(<class 'KeyboardInterrupt'>, KeyboardInterrupt(), <traceback object at 0x11f062a80>)
SO_49583055_depth1
/Users/sankha/.rbenv/versions/3.0.2/lib/ruby/gems/3.0.0/gems/bundler-2.3.16/exe/bundle:7:in `exit':  (Bundler::Dsl::DSLError)
[!] There was an error parsing `Gemfile`: exit. Bundler cannot continue.

 #  from /Users/sankha/projects/absynthe/Gemfile:1
 #  -------------------------------------------
 >  source "https://rubygems.org"
 #  
 #  -------------------------------------------
	from /Users/sankha/.rbenv/versions/3.0.2/lib/ruby/gems/3.0.0/gems/bundler-2.3.16/exe/bundle:7:in `block in <top (required)>'
	from /Users/sankha/.rbenv/versions/3.0.2/lib/ruby/gems/3.0.0/gems/bundler-2.3.16/lib/bundler/vendor/uri/lib/uri/common.rb:12:in `require_relative'
	from /Users/sankha/.rbenv/versions/3.0.2/lib/ruby/gems/3.0.0/gems/bundler-2.3.16/lib/bundler/vendor/uri/lib/uri/common.rb:12:in `<top (required)>'
	from /Users/sankha/.rbenv/versions/3.0.2/lib/ruby/gems/3.0.0/gems/bundler-2.3.16/lib/bundler/vendor/uri/lib/uri.rb:95:in `require_relative'
	from /Users/sankha/.rbenv/versions/3.0.2/lib/ruby/gems/3.0.0/gems/bundler-2.3.16/lib/bundler/vendor/uri/lib/uri.rb:95:in `<top (required)>'
	from /Users/sankha/.rbenv/versions/3.0.2/lib/ruby/gems/3.0.0/gems/bundler-2.3.16/lib/bundler/vendored_uri.rb:4:in `require_relative'
	from /Users/sankha/.rbenv/versions/3.0.2/lib/ruby/gems/3.0.0/gems/bundler-2.3.16/lib/bundler/vendored_uri.rb:4:in `<top (required)>'
	from /Users/sankha/.rbenv/versions/3.0.2/lib/ruby/gems/3.0.0/gems/bundler-2.3.16/lib/bundler/source/rubygems.rb:376:in `require_relative'
	from /Users/sankha/.rbenv/versions/3.0.2/lib/ruby/gems/3.0.0/gems/bundler-2.3.16/lib/bundler/source/rubygems.rb:376:in `normalize_uri'
	from /Users/sankha/.rbenv/versions/3.0.2/lib/ruby/gems/3.0.0/gems/bundler-2.3.16/lib/bundler/source/rubygems.rb:267:in `add_remote'
	from /Users/sankha/.rbenv/versions/3.0.2/lib/ruby/gems/3.0.0/gems/bundler-2.3.16/lib/bundler/source_list.rb:72:in `add_global_rubygems_remote'
	from /Users/sankha/.rbenv/versions/3.0.2/lib/ruby/gems/3.0.0/gems/bundler-2.3.16/lib/bundler/dsl.rb:164:in `source'
	from /Users/sankha/projects/absynthe/Gemfile:1:in `eval_gemfile'
	from /Users/sankha/.rbenv/versions/3.0.2/lib/ruby/gems/3.0.0/gems/bundler-2.3.16/lib/bundler/dsl.rb:49:in `instance_eval'
	from /Users/sankha/.rbenv/versions/3.0.2/lib/ruby/gems/3.0.0/gems/bundler-2.3.16/lib/bundler/dsl.rb:49:in `eval_gemfile'
	from /Users/sankha/.rbenv/versions/3.0.2/lib/ruby/gems/3.0.0/gems/bundler-2.3.16/lib/bundler/dsl.rb:12:in `evaluate'
	from /Users/sankha/.rbenv/versions/3.0.2/lib/ruby/gems/3.0.0/gems/bundler-2.3.16/lib/bundler/definition.rb:38:in `build'
	from /Users/sankha/.rbenv/versions/3.0.2/lib/ruby/gems/3.0.0/gems/bundler-2.3.16/lib/bundler.rb:208:in `definition'
	from /Users/sankha/.rbenv/versions/3.0.2/lib/ruby/gems/3.0.0/gems/bundler-2.3.16/lib/bundler.rb:156:in `setup'
	from /Users/sankha/.rbenv/versions/3.0.2/lib/ruby/gems/3.0.0/gems/bundler-2.3.16/lib/bundler/setup.rb:20:in `block in <top (required)>'
	from /Users/sankha/.rbenv/versions/3.0.2/lib/ruby/gems/3.0.0/gems/bundler-2.3.16/lib/bundler/ui/shell.rb:136:in `with_level'
	from /Users/sankha/.rbenv/versions/3.0.2/lib/ruby/gems/3.0.0/gems/bundler-2.3.16/lib/bundler/ui/shell.rb:88:in `silence'
	from /Users/sankha/.rbenv/versions/3.0.2/lib/ruby/gems/3.0.0/gems/bundler-2.3.16/lib/bundler/setup.rb:20:in `<top (required)>'
	from /Users/sankha/.rbenv/versions/3.0.2/lib/ruby/gems/3.0.0/gems/bundler-2.3.16/lib/bundler/cli/exec.rb:56:in `require_relative'
	from /Users/sankha/.rbenv/versions/3.0.2/lib/ruby/gems/3.0.0/gems/bundler-2.3.16/lib/bundler/cli/exec.rb:56:in `kernel_load'
	from /Users/sankha/.rbenv/versions/3.0.2/lib/ruby/gems/3.0.0/gems/bundler-2.3.16/lib/bundler/cli/exec.rb:23:in `run'
	from /Users/sankha/.rbenv/versions/3.0.2/lib/ruby/gems/3.0.0/gems/bundler-2.3.16/lib/bundler/cli.rb:479:in `exec'
	from /Users/sankha/.rbenv/versions/3.0.2/lib/ruby/gems/3.0.0/gems/bundler-2.3.16/lib/bundler/vendor/thor/lib/thor/command.rb:27:in `run'
	from /Users/sankha/.rbenv/versions/3.0.2/lib/ruby/gems/3.0.0/gems/bundler-2.3.16/lib/bundler/vendor/thor/lib/thor/invocation.rb:127:in `invoke_command'
	from /Users/sankha/.rbenv/versions/3.0.2/lib/ruby/gems/3.0.0/gems/bundler-2.3.16/lib/bundler/vendor/thor/lib/thor.rb:392:in `dispatch'
	from /Users/sankha/.rbenv/versions/3.0.2/lib/ruby/gems/3.0.0/gems/bundler-2.3.16/lib/bundler/cli.rb:31:in `dispatch'
	from /Users/sankha/.rbenv/versions/3.0.2/lib/ruby/gems/3.0.0/gems/bundler-2.3.16/lib/bundler/vendor/thor/lib/thor/base.rb:485:in `start'
	from /Users/sankha/.rbenv/versions/3.0.2/lib/ruby/gems/3.0.0/gems/bundler-2.3.16/lib/bundler/cli.rb:25:in `start'
	from /Users/sankha/.rbenv/versions/3.0.2/lib/ruby/gems/3.0.0/gems/bundler-2.3.16/exe/bundle:48:in `block in <top (required)>'
	from /Users/sankha/.rbenv/versions/3.0.2/lib/ruby/gems/3.0.0/gems/bundler-2.3.16/lib/bundler/friendly_errors.rb:117:in `with_friendly_errors'
	from /Users/sankha/.rbenv/versions/3.0.2/lib/ruby/gems/3.0.0/gems/bundler-2.3.16/exe/bundle:36:in `<top (required)>'
	from /Users/sankha/.rbenv/versions/3.0.2/bin/bundle:23:in `load'
	from /Users/sankha/.rbenv/versions/3.0.2/bin/bundle:23:in `<main>'
/Users/sankha/.rbenv/versions/3.0.2/lib/ruby/gems/3.0.0/gems/bundler-2.3.16/exe/bundle:7:in `exit': exit (SystemExit)
	from /Users/sankha/.rbenv/versions/3.0.2/lib/ruby/gems/3.0.0/gems/bundler-2.3.16/exe/bundle:7:in `block in <top (required)>'
	from /Users/sankha/.rbenv/versions/3.0.2/lib/ruby/gems/3.0.0/gems/bundler-2.3.16/lib/bundler/vendor/uri/lib/uri/common.rb:12:in `require_relative'
	from /Users/sankha/.rbenv/versions/3.0.2/lib/ruby/gems/3.0.0/gems/bundler-2.3.16/lib/bundler/vendor/uri/lib/uri/common.rb:12:in `<top (required)>'
	from /Users/sankha/.rbenv/versions/3.0.2/lib/ruby/gems/3.0.0/gems/bundler-2.3.16/lib/bundler/vendor/uri/lib/uri.rb:95:in `require_relative'
	from /Users/sankha/.rbenv/versions/3.0.2/lib/ruby/gems/3.0.0/gems/bundler-2.3.16/lib/bundler/vendor/uri/lib/uri.rb:95:in `<top (required)>'
	from /Users/sankha/.rbenv/versions/3.0.2/lib/ruby/gems/3.0.0/gems/bundler-2.3.16/lib/bundler/vendored_uri.rb:4:in `require_relative'
	from /Users/sankha/.rbenv/versions/3.0.2/lib/ruby/gems/3.0.0/gems/bundler-2.3.16/lib/bundler/vendored_uri.rb:4:in `<top (required)>'
	from /Users/sankha/.rbenv/versions/3.0.2/lib/ruby/gems/3.0.0/gems/bundler-2.3.16/lib/bundler/source/rubygems.rb:376:in `require_relative'
	from /Users/sankha/.rbenv/versions/3.0.2/lib/ruby/gems/3.0.0/gems/bundler-2.3.16/lib/bundler/source/rubygems.rb:376:in `normalize_uri'
	from /Users/sankha/.rbenv/versions/3.0.2/lib/ruby/gems/3.0.0/gems/bundler-2.3.16/lib/bundler/source/rubygems.rb:267:in `add_remote'
	from /Users/sankha/.rbenv/versions/3.0.2/lib/ruby/gems/3.0.0/gems/bundler-2.3.16/lib/bundler/source_list.rb:72:in `add_global_rubygems_remote'
	from /Users/sankha/.rbenv/versions/3.0.2/lib/ruby/gems/3.0.0/gems/bundler-2.3.16/lib/bundler/dsl.rb:164:in `source'
	from /Users/sankha/projects/absynthe/Gemfile:1:in `eval_gemfile'
	from /Users/sankha/.rbenv/versions/3.0.2/lib/ruby/gems/3.0.0/gems/bundler-2.3.16/lib/bundler/dsl.rb:49:in `instance_eval'
	from /Users/sankha/.rbenv/versions/3.0.2/lib/ruby/gems/3.0.0/gems/bundler-2.3.16/lib/bundler/dsl.rb:49:in `eval_gemfile'
	from /Users/sankha/.rbenv/versions/3.0.2/lib/ruby/gems/3.0.0/gems/bundler-2.3.16/lib/bundler/dsl.rb:12:in `evaluate'
	from /Users/sankha/.rbenv/versions/3.0.2/lib/ruby/gems/3.0.0/gems/bundler-2.3.16/lib/bundler/definition.rb:38:in `build'
	from /Users/sankha/.rbenv/versions/3.0.2/lib/ruby/gems/3.0.0/gems/bundler-2.3.16/lib/bundler.rb:208:in `definition'
	from /Users/sankha/.rbenv/versions/3.0.2/lib/ruby/gems/3.0.0/gems/bundler-2.3.16/lib/bundler.rb:156:in `setup'
	from /Users/sankha/.rbenv/versions/3.0.2/lib/ruby/gems/3.0.0/gems/bundler-2.3.16/lib/bundler/setup.rb:20:in `block in <top (required)>'
	from /Users/sankha/.rbenv/versions/3.0.2/lib/ruby/gems/3.0.0/gems/bundler-2.3.16/lib/bundler/ui/shell.rb:136:in `with_level'
	from /Users/sankha/.rbenv/versions/3.0.2/lib/ruby/gems/3.0.0/gems/bundler-2.3.16/lib/bundler/ui/shell.rb:88:in `silence'
	from /Users/sankha/.rbenv/versions/3.0.2/lib/ruby/gems/3.0.0/gems/bundler-2.3.16/lib/bundler/setup.rb:20:in `<top (required)>'
	from /Users/sankha/.rbenv/versions/3.0.2/lib/ruby/gems/3.0.0/gems/bundler-2.3.16/lib/bundler/cli/exec.rb:56:in `require_relative'
	from /Users/sankha/.rbenv/versions/3.0.2/lib/ruby/gems/3.0.0/gems/bundler-2.3.16/lib/bundler/cli/exec.rb:56:in `kernel_load'
	from /Users/sankha/.rbenv/versions/3.0.2/lib/ruby/gems/3.0.0/gems/bundler-2.3.16/lib/bundler/cli/exec.rb:23:in `run'
	from /Users/sankha/.rbenv/versions/3.0.2/lib/ruby/gems/3.0.0/gems/bundler-2.3.16/lib/bundler/cli.rb:479:in `exec'
	from /Users/sankha/.rbenv/versions/3.0.2/lib/ruby/gems/3.0.0/gems/bundler-2.3.16/lib/bundler/vendor/thor/lib/thor/command.rb:27:in `run'
	from /Users/sankha/.rbenv/versions/3.0.2/lib/ruby/gems/3.0.0/gems/bundler-2.3.16/lib/bundler/vendor/thor/lib/thor/invocation.rb:127:in `invoke_command'
	from /Users/sankha/.rbenv/versions/3.0.2/lib/ruby/gems/3.0.0/gems/bundler-2.3.16/lib/bundler/vendor/thor/lib/thor.rb:392:in `dispatch'
	from /Users/sankha/.rbenv/versions/3.0.2/lib/ruby/gems/3.0.0/gems/bundler-2.3.16/lib/bundler/cli.rb:31:in `dispatch'
	from /Users/sankha/.rbenv/versions/3.0.2/lib/ruby/gems/3.0.0/gems/bundler-2.3.16/lib/bundler/vendor/thor/lib/thor/base.rb:485:in `start'
	from /Users/sankha/.rbenv/versions/3.0.2/lib/ruby/gems/3.0.0/gems/bundler-2.3.16/lib/bundler/cli.rb:25:in `start'
	from /Users/sankha/.rbenv/versions/3.0.2/lib/ruby/gems/3.0.0/gems/bundler-2.3.16/exe/bundle:48:in `block in <top (required)>'
	from /Users/sankha/.rbenv/versions/3.0.2/lib/ruby/gems/3.0.0/gems/bundler-2.3.16/lib/bundler/friendly_errors.rb:117:in `with_friendly_errors'
	from /Users/sankha/.rbenv/versions/3.0.2/lib/ruby/gems/3.0.0/gems/bundler-2.3.16/exe/bundle:36:in `<top (required)>'
	from /Users/sankha/.rbenv/versions/3.0.2/bin/bundle:23:in `load'
	from /Users/sankha/.rbenv/versions/3.0.2/bin/bundle:23:in `<main>'
ERROR!
(<class 'KeyboardInterrupt'>, KeyboardInterrupt(), <traceback object at 0x11efef840>)
SO_49572546_depth1
ERROR!
(<class 'KeyboardInterrupt'>, KeyboardInterrupt(), <traceback object at 0x11f060640>)
SO_13261691_depth2
ERROR!
(<class 'KeyboardInterrupt'>, KeyboardInterrupt(), <traceback object at 0x11efef7c0>)
SO_11881165_depth1
ERROR!
(<class 'KeyboardInterrupt'>, KeyboardInterrupt(), <traceback object at 0x11f062540>)
SO_10982266_depth3
ERROR!
(<class 'KeyboardInterrupt'>, KeyboardInterrupt(), <traceback object at 0x11efcd680>)
SO_21982987_depth3
ERROR!
(<class 'KeyboardInterrupt'>, KeyboardInterrupt(), <traceback object at 0x11f062e40>)
SO_13793321_depth1
ERROR!
(<class 'KeyboardInterrupt'>, KeyboardInterrupt(), <traceback object at 0x11f062540>)
SO_49581206_depth3
ERROR!
(<class 'KeyboardInterrupt'>, KeyboardInterrupt(), <traceback object at 0x11f05a300>)
SO_18172851_depth1
ERROR!
(<class 'KeyboardInterrupt'>, KeyboardInterrupt(), <traceback object at 0x11efcd680>)
SO_49583055_depth1
ERROR!
(<class 'KeyboardInterrupt'>, KeyboardInterrupt(), <traceback object at 0x11efef840>)
SO_13576164_depth3
ERROR!
(<class 'KeyboardInterrupt'>, KeyboardInterrupt(), <traceback object at 0x11a6a4940>)
SO_14085517_depth1
ERROR!
(<class 'KeyboardInterrupt'>, KeyboardInterrupt(), <traceback object at 0x11efef7c0>)
SO_12860421_depth1
ERROR!
(<class 'KeyboardInterrupt'>, KeyboardInterrupt(), <traceback object at 0x11f060d00>)
SO_13647222_depth1
ERROR!
(<class 'KeyboardInterrupt'>, KeyboardInterrupt(), <traceback object at 0x11f006dc0>)
SO_39656670_depth3
ERROR!
(<class 'KeyboardInterrupt'>, KeyboardInterrupt(), <traceback object at 0x11f062e40>)
SO_11811392_depth3
ERROR!
(<class 'KeyboardInterrupt'>, KeyboardInterrupt(), <traceback object at 0x11f065cc0>)
SO_12065885_depth3
ERROR!
(<class 'KeyboardInterrupt'>, KeyboardInterrupt(), <traceback object at 0x11f065a80>)
SO_14023037_depth3
ERROR!
(<class 'KeyboardInterrupt'>, KeyboardInterrupt(), <traceback object at 0x11f065e80>)
SO_13261175_depth1
ERROR!
(<class 'KeyboardInterrupt'>, KeyboardInterrupt(), <traceback object at 0x11f006dc0>)
SO_53762029_depth3
ERROR!
(<class 'KeyboardInterrupt'>, KeyboardInterrupt(), <traceback object at 0x11a6a4940>)
SO_11418192_depth2
ERROR!
(<class 'KeyboardInterrupt'>, KeyboardInterrupt(), <traceback object at 0x11f062a80>)
SO_23321300_depth3
ERROR!
(<class 'KeyboardInterrupt'>, KeyboardInterrupt(), <traceback object at 0x11a6a4940>)
SO_49987108_depth2
ERROR!
(<class 'KeyboardInterrupt'>, KeyboardInterrupt(), <traceback object at 0x11f028fc0>)
SO_11941492_depth1
ERROR!
(<class 'KeyboardInterrupt'>, KeyboardInterrupt(), <traceback object at 0x11a6a4940>)
